<?xml version="1.0" encoding="UTF-8"?>
<!-- Generated by org.testng.reporters.JUnitReportReporter -->
<testsuite hostname="RGK_LenovoT14" failures="0" tests="1" name="testscripts.HomeTest" time="10.693" errors="0" timestamp="2025-09-18T11:41:47 IST" skipped="0">
  <testcase classname="testscripts.HomeTest" name="verifyUserIsAbleToLogout" time="10.693"/>
</testsuite> <!-- testscripts.HomeTest -->
