<?xml version="1.0" encoding="UTF-8"?>
<!-- Generated by org.testng.reporters.JUnitReportReporter -->
<testsuite hostname="RGK_LenovoT14" failures="0" tests="1" name="testscripts.HomeTest" time="14.505" errors="0" timestamp="2025-09-15T11:07:24 IST" skipped="0">
  <testcase classname="testscripts.HomeTest" name="verifyUserLoginWithValidCredentials" time="14.505"/>
</testsuite> <!-- testscripts.HomeTest -->
