<?xml version="1.0" encoding="UTF-8"?>
<!-- Generated by org.testng.reporters.JUnitReportReporter -->
<testsuite hostname="RGK_LenovoT14" failures="0" tests="3" name="testscripts.AdminUserTest" time="12.779" errors="0" timestamp="2025-09-30T12:21:06 IST" skipped="0">
  <testcase classname="testscripts.AdminUserTest" name="verifyUserIsAbleToAddNewUser" time="4.376"/>
  <testcase classname="testscripts.AdminUserTest" name="verifyUserIsAbleToResetTheList" time="2.778"/>
  <testcase classname="testscripts.AdminUserTest" name="verifyUserIsAbleToSearchNewlyAddedUser" time="5.625"/>
</testsuite> <!-- testscripts.AdminUserTest -->
