<?xml version="1.0" encoding="UTF-8"?>
<!-- Generated by org.testng.reporters.JUnitReportReporter -->
<testsuite hostname="RGK_LenovoT14" failures="0" tests="1" name="testscripts.LoginTest" time="9.553" errors="0" timestamp="2025-09-19T11:56:50 IST" skipped="0">
  <testcase classname="testscripts.LoginTest" name="verifyUserLoginWithValidCredentials" time="9.553"/>
</testsuite> <!-- testscripts.LoginTest -->
