<?xml version="1.0" encoding="UTF-8"?>
<!-- Generated by org.testng.reporters.JUnitReportReporter -->
<testsuite hostname="RGK_LenovoT14" failures="0" tests="2" name="testscripts.LoginTest" time="9.917" errors="0" timestamp="2025-09-24T11:39:41 IST" skipped="0">
  <testcase classname="testscripts.LoginTest" name="verifyUserLoginWithInvalidCredentials" time="3.811"/>
  <testcase classname="testscripts.LoginTest" name="verifyUserLoginWithInvalidCredentials" time="6.106"/>
</testsuite> <!-- testscripts.LoginTest -->
