<?xml version="1.0" encoding="UTF-8"?>
<!-- Generated by org.testng.reporters.JUnitReportReporter -->
<testsuite hostname="RGK_LenovoT14" failures="0" tests="1" name="testscripts.LoginTest" time="4.006" errors="0" timestamp="2025-09-17T12:28:37 IST" skipped="0">
  <testcase classname="testscripts.LoginTest" name="verifyUserLoginWithValidUsernameAndInvalidPassword" time="4.006"/>
</testsuite> <!-- testscripts.LoginTest -->
