<?xml version="1.0" encoding="UTF-8"?>
<!-- Generated by org.testng.reporters.JUnitReportReporter -->
<testsuite hostname="RGK_LenovoT14" failures="0" tests="1" name="testscripts.AdminUserTest" time="9.869" errors="0" timestamp="2025-09-16T11:24:23 IST" skipped="0">
  <testcase classname="testscripts.AdminUserTest" name="verifyUserIsAbleToAddNewUser" time="9.869"/>
</testsuite> <!-- testscripts.AdminUserTest -->
