<?xml version="1.0" encoding="UTF-8"?>
<!-- Generated by org.testng.reporters.JUnitReportReporter -->
<testsuite hostname="RGK_LenovoT14" failures="0" tests="4" name="testscripts.LoginTest" time="18.014" errors="0" timestamp="2025-09-11T11:59:05 IST" skipped="0">
  <testcase classname="testscripts.LoginTest" name="verifyUserLoginWithValidCredentials" time="3.599"/>
  <testcase classname="testscripts.LoginTest" name="verifyUserLoginWithInvalidCredentials" time="4.893"/>
  <testcase classname="testscripts.LoginTest" name="verifyuserLoginWithInvalidUsernameAndValidPassword" time="5.987"/>
  <testcase classname="testscripts.LoginTest" name="verifyUserLoginWithValidUsernameAndInvalidPassword" time="3.535"/>
</testsuite> <!-- testscripts.LoginTest -->
