<?xml version="1.0" encoding="UTF-8"?>
<!-- Generated by org.testng.reporters.JUnitReportReporter -->
<testsuite hostname="RGK_LenovoT14" failures="0" tests="1" name="testscripts.AdminUserTest" time="4.205" errors="0" timestamp="2025-09-15T12:25:32 IST" skipped="0">
  <testcase classname="testscripts.AdminUserTest" name="verifyUserIsAbleToResetTheList" time="4.205"/>
</testsuite> <!-- testscripts.AdminUserTest -->
