<?xml version="1.0" encoding="UTF-8"?>
<!-- Generated by org.testng.reporters.JUnitReportReporter -->
<testsuite hostname="RGK_LenovoT14" failures="0" tests="1" name="testscripts.AdminUserTest" time="4.629" errors="0" timestamp="2025-09-18T10:46:10 IST" skipped="0">
  <testcase classname="testscripts.AdminUserTest" name="verifyUserIsAbleToSearchNewlyAddedUser" time="4.629"/>
</testsuite> <!-- testscripts.AdminUserTest -->
