<?xml version="1.0" encoding="UTF-8"?>
<!-- Generated by org.testng.reporters.JUnitReportReporter -->
<testsuite hostname="RGK_LenovoT14" failures="0" tests="2" name="testscripts.LoginTest" time="18.606" errors="0" timestamp="2025-09-22T19:13:17 IST" skipped="0">
  <testcase classname="testscripts.LoginTest" name="verifyUserLoginWithValidCredentials" time="5.706"/>
  <testcase classname="testscripts.LoginTest" name="verifyUserLoginWithInvalidCredentials" time="12.900"/>
</testsuite> <!-- testscripts.LoginTest -->
