<?xml version="1.0" encoding="UTF-8"?>
<!-- Generated by org.testng.reporters.JUnitReportReporter -->
<testsuite hostname="RGK_LenovoT14" failures="0" tests="1" name="testscripts.ManageNewsTest" time="5.209" errors="0" timestamp="2025-09-18T00:02:45 IST" skipped="0">
  <testcase classname="testscripts.ManageNewsTest" name="verifyUserIsAbleToSearchNewlyAddedNews" time="5.209"/>
</testsuite> <!-- testscripts.ManageNewsTest -->
