<?xml version="1.0" encoding="UTF-8"?>
<!-- Generated by org.testng.reporters.JUnitReportReporter -->
<testsuite hostname="RGK_LenovoT14" failures="0" tests="1" name="testscripts.HomeTest" time="6.129" errors="0" timestamp="2025-09-22T16:21:32 IST" skipped="0">
  <testcase classname="testscripts.HomeTest" name="verifyUserIsAbleToLogout" time="6.129"/>
</testsuite> <!-- testscripts.HomeTest -->
