<?xml version="1.0" encoding="UTF-8"?>
<!-- Generated by org.testng.reporters.JUnitReportReporter -->
<testsuite hostname="RGK_LenovoT14" failures="0" tests="3" name="testscripts.ManageNewsTest" time="14.221" errors="0" timestamp="2025-09-25T13:06:42 IST" skipped="0">
  <testcase classname="testscripts.ManageNewsTest" name="verifyUserIsAbleToSearchNewlyAddedNews" time="4.393"/>
  <testcase classname="testscripts.ManageNewsTest" name="verifyUserIsAbleToResetManageNews" time="3.685"/>
  <testcase classname="testscripts.ManageNewsTest" name="verifyUserIsAbleToAddNewNews" time="6.143"/>
</testsuite> <!-- testscripts.ManageNewsTest -->
