<?xml version="1.0" encoding="UTF-8"?>
<!-- Generated by org.testng.reporters.JUnitReportReporter -->
<testsuite hostname="RGK_LenovoT14" failures="0" tests="1" name="testscripts.HomeTest" time="6.524" errors="0" timestamp="2025-09-12T11:45:14 IST" skipped="0">
  <testcase classname="testscripts.HomeTest" name="verifyUserLoginWithValidCredentials" time="6.524"/>
</testsuite> <!-- testscripts.HomeTest -->
